<?xml version="1.0" encoding="UTF-8"?>
<!-- Generated by org.testng.reporters.JUnitReportReporter -->
<testsuite hostname="Mypc" name="testng.PrimusBankLogin" tests="1" failures="0" timestamp="1 Jul 2018 04:28:12 GMT" time="8.341" errors="0">
  <testcase name="login" time="8.341" classname="testng.PrimusBankLogin"/>
</testsuite> <!-- testng.PrimusBankLogin -->
