<?xml version="1.0" encoding="UTF-8"?>
<!-- Generated by org.testng.reporters.JUnitReportReporter -->
<testsuite hostname="Mypc" name="testng.Userreg_TestNG" tests="1" failures="0" timestamp="1 Jul 2018 05:26:35 GMT" time="20.201" errors="0">
  <testcase name="Org_UserReg" time="20.201" classname="testng.Userreg_TestNG"/>
</testsuite> <!-- testng.Userreg_TestNG -->
