<?xml version="1.0" encoding="UTF-8"?>
<!-- Generated by org.testng.reporters.JUnitReportReporter -->
<testsuite hostname="Mypc" name="testng.EmpReg_TestNG" tests="3" failures="0" timestamp="1 Jul 2018 10:44:15 GMT" time="32.572" errors="0">
  <testcase name="Org_Empreg" time="12.921" classname="testng.EmpReg_TestNG"/>
  <testcase name="Org_Empreg" time="9.473" classname="testng.EmpReg_TestNG"/>
  <testcase name="Org_Empreg" time="10.178" classname="testng.EmpReg_TestNG"/>
</testsuite> <!-- testng.EmpReg_TestNG -->
