<?xml version="1.0" encoding="UTF-8"?>
<!-- Generated by org.testng.reporters.JUnitReportReporter -->
<testsuite hostname="Mypc" name="grid.GridEg" tests="2" failures="0" timestamp="11 Aug 2018 12:28:01 GMT" time="106.839" errors="0">
  <testcase name="tt" time="51.109" classname="grid.GridEg"/>
  <testcase name="tt" time="55.730" classname="grid.GridEg"/>
</testsuite> <!-- grid.GridEg -->
