<?xml version="1.0" encoding="UTF-8"?>
<!-- Generated by org.testng.reporters.JUnitReportReporter -->
<testsuite hostname="Mypc" name="testng.BasicAnnotationsEg" tests="3" failures="0" timestamp="1 Jul 2018 04:13:01 GMT" time="0.115" errors="0">
  <testcase name="function1" time="0.088" classname="testng.BasicAnnotationsEg"/>
  <testcase name="function2" time="0.012" classname="testng.BasicAnnotationsEg"/>
  <testcase name="Apple" time="0.015" classname="testng.BasicAnnotationsEg"/>
</testsuite> <!-- testng.BasicAnnotationsEg -->
